Cardboard/Library/Bee/Android/Prj/Mono2x/Gradle/launcher/build/intermediates/manifest_merge_blame_file/release/manifest-merger-blame-release-report.txt
1<?xml version="1.0" encoding="utf-8"?>
2<manifest xmlns:android="http://schemas.android.com/apk/res/android"
3    package="com.DefaultCompany.Cardboard"
4    android:installLocation="preferExternal"
5    android:versionCode="1"
6    android:versionName="0.1" >
7
8    <uses-sdk
9        android:minSdkVersion="26"
9-->src\main\AndroidManifest.xml
10        android:targetSdkVersion="30" />
10-->src\main\AndroidManifest.xml
11
12    <supports-screens
12-->src\main\AndroidManifest.xml:3:3-163
13        android:anyDensity="true"
13-->src\main\AndroidManifest.xml:3:135-160
14        android:largeScreens="true"
14-->src\main\AndroidManifest.xml:3:78-105
15        android:normalScreens="true"
15-->src\main\AndroidManifest.xml:3:49-77
16        android:smallScreens="true"
16-->src\main\AndroidManifest.xml:3:21-48
17        android:xlargeScreens="true" />
17-->src\main\AndroidManifest.xml:3:106-134
18
19    <uses-feature
19-->[:unityLibrary] AndroidManifest.xml:12:5-54
20        android:glEsVersion="0x00030000"
20-->[:unityLibrary] AndroidManifest.xml:12:19-51
21        android:required="true" />
21-->[:GfxPluginCardboard:] AndroidManifest.xml:15:9-32
22    <uses-feature
22-->[:unityLibrary] AndroidManifest.xml:13:5-15:36
23        android:name="android.hardware.touchscreen"
23-->[:unityLibrary] AndroidManifest.xml:14:9-52
24        android:required="false" />
24-->[:unityLibrary] AndroidManifest.xml:15:9-33
25    <uses-feature
25-->[:unityLibrary] AndroidManifest.xml:16:5-18:36
26        android:name="android.hardware.touchscreen.multitouch"
26-->[:unityLibrary] AndroidManifest.xml:17:9-63
27        android:required="false" />
27-->[:unityLibrary] AndroidManifest.xml:18:9-33
28    <uses-feature
28-->[:unityLibrary] AndroidManifest.xml:19:5-21:36
29        android:name="android.hardware.touchscreen.multitouch.distinct"
29-->[:unityLibrary] AndroidManifest.xml:20:9-72
30        android:required="false" />
30-->[:unityLibrary] AndroidManifest.xml:21:9-33
31
32    <uses-permission android:name="android.permission.CAMERA" />
32-->[:GfxPluginCardboard:] AndroidManifest.xml:17:5-65
32-->[:GfxPluginCardboard:] AndroidManifest.xml:17:22-62
33    <uses-permission android:name="android.permission.WRITE_EXTERNAL_STORAGE" />
33-->[:GfxPluginCardboard:] AndroidManifest.xml:18:5-81
33-->[:GfxPluginCardboard:] AndroidManifest.xml:18:22-78
34    <uses-permission android:name="android.permission.INTERNET" />
34-->[:GfxPluginCardboard:] AndroidManifest.xml:19:5-67
34-->[:GfxPluginCardboard:] AndroidManifest.xml:19:22-64
35    <uses-permission android:name="android.permission.NFC" />
35-->[:GfxPluginCardboard:] AndroidManifest.xml:20:5-62
35-->[:GfxPluginCardboard:] AndroidManifest.xml:20:22-59
36
37    <application
37-->src\main\AndroidManifest.xml:4:3-83
38        android:extractNativeLibs="true"
38-->[:unityLibrary] AndroidManifest.xml:23:18-50
39        android:icon="@mipmap/app_icon"
39-->src\main\AndroidManifest.xml:4:49-80
40        android:label="@string/app_name" >
40-->src\main\AndroidManifest.xml:4:16-48
41        <activity
41-->[:unityLibrary] AndroidManifest.xml:24:9-44:20
42            android:name="com.unity3d.player.UnityPlayerActivity"
42-->[:unityLibrary] AndroidManifest.xml:25:13-66
43            android:configChanges="mcc|mnc|locale|touchscreen|keyboard|keyboardHidden|navigation|orientation|screenLayout|uiMode|screenSize|smallestScreenSize|fontScale|layoutDirection|density"
43-->[:unityLibrary] AndroidManifest.xml:26:13-194
44            android:hardwareAccelerated="false"
44-->[:unityLibrary] AndroidManifest.xml:27:13-48
45            android:launchMode="singleTask"
45-->[:unityLibrary] AndroidManifest.xml:28:13-44
46            android:resizeableActivity="false"
46-->[:unityLibrary] AndroidManifest.xml:29:13-47
47            android:screenOrientation="landscape"
47-->[:unityLibrary] AndroidManifest.xml:30:13-50
48            android:theme="@style/UnityThemeSelector" >
48-->[:unityLibrary] AndroidManifest.xml:31:13-54
49            <intent-filter>
49-->[:unityLibrary] AndroidManifest.xml:32:13-36:29
50                <action android:name="android.intent.action.MAIN" />
50-->[:unityLibrary] AndroidManifest.xml:33:17-69
50-->[:unityLibrary] AndroidManifest.xml:33:25-66
51
52                <category android:name="android.intent.category.LAUNCHER" />
52-->[:unityLibrary] AndroidManifest.xml:35:17-77
52-->[:unityLibrary] AndroidManifest.xml:35:27-74
53            </intent-filter>
54
55            <meta-data
55-->[:unityLibrary] AndroidManifest.xml:38:13-40:40
56                android:name="unityplayer.UnityActivity"
56-->[:unityLibrary] AndroidManifest.xml:39:17-57
57                android:value="true" />
57-->[:unityLibrary] AndroidManifest.xml:40:17-37
58            <meta-data
58-->[:unityLibrary] AndroidManifest.xml:41:13-43:40
59                android:name="android.notch_support"
59-->[:unityLibrary] AndroidManifest.xml:42:17-53
60                android:value="true" />
60-->[:unityLibrary] AndroidManifest.xml:43:17-37
61        </activity>
62
63        <meta-data
63-->[:unityLibrary] AndroidManifest.xml:46:9-48:33
64            android:name="unity.splash-mode"
64-->[:unityLibrary] AndroidManifest.xml:47:13-45
65            android:value="0" />
65-->[:unityLibrary] AndroidManifest.xml:48:13-30
66        <meta-data
66-->[:unityLibrary] AndroidManifest.xml:49:9-51:36
67            android:name="unity.splash-enable"
67-->[:unityLibrary] AndroidManifest.xml:50:13-47
68            android:value="True" />
68-->[:unityLibrary] AndroidManifest.xml:51:13-33
69        <meta-data
69-->[:unityLibrary] AndroidManifest.xml:52:9-54:36
70            android:name="unity.launch-fullscreen"
70-->[:unityLibrary] AndroidManifest.xml:53:13-51
71            android:value="True" />
71-->[:unityLibrary] AndroidManifest.xml:54:13-33
72        <meta-data
72-->[:unityLibrary] AndroidManifest.xml:55:9-57:37
73            android:name="unity.allow-resizable-window"
73-->[:unityLibrary] AndroidManifest.xml:56:13-56
74            android:value="False" />
74-->[:unityLibrary] AndroidManifest.xml:57:13-34
75        <meta-data
75-->[:unityLibrary] AndroidManifest.xml:58:9-60:50
76            android:name="notch.config"
76-->[:unityLibrary] AndroidManifest.xml:59:13-40
77            android:value="portrait|landscape" />
77-->[:unityLibrary] AndroidManifest.xml:60:13-47
78
79        <activity
79-->[:GfxPluginCardboard:] AndroidManifest.xml:23:9-27:66
80            android:name="com.google.cardboard.sdk.QrCodeCaptureActivity"
80-->[:GfxPluginCardboard:] AndroidManifest.xml:24:13-74
81            android:exported="false"
81-->[:GfxPluginCardboard:] AndroidManifest.xml:25:13-37
82            android:label="@string/title_activity_qr_code_capture"
82-->[:GfxPluginCardboard:] AndroidManifest.xml:26:13-67
83            android:theme="@style/Theme.AppCompat.NoActionBar" />
83-->[:GfxPluginCardboard:] AndroidManifest.xml:27:13-63
84        <!--
85          Activity whose sole purpose is to update Cardboard device params when a Cardboard V1
86          NFC tag is detected.
87        -->
88        <activity
88-->[:GfxPluginCardboard:] AndroidManifest.xml:33:9-46:20
89            android:name="com.google.cardboard.sdk.HeadsetDetectionActivity"
89-->[:GfxPluginCardboard:] AndroidManifest.xml:34:13-77
90            android:exported="true"
90-->[:GfxPluginCardboard:] AndroidManifest.xml:35:13-36
91            android:label="@string/headset_detection_activity_title" >
91-->[:GfxPluginCardboard:] AndroidManifest.xml:36:13-69
92
93            <!-- Handles the Cardboard V1 NFC tag released at Google I/O 2014. -->
94            <intent-filter>
94-->[:GfxPluginCardboard:] AndroidManifest.xml:39:13-45:29
95                <action android:name="android.nfc.action.NDEF_DISCOVERED" />
95-->[:GfxPluginCardboard:] AndroidManifest.xml:40:17-77
95-->[:GfxPluginCardboard:] AndroidManifest.xml:40:25-74
96
97                <category android:name="android.intent.category.DEFAULT" />
97-->[:GfxPluginCardboard:] AndroidManifest.xml:42:17-76
97-->[:GfxPluginCardboard:] AndroidManifest.xml:42:27-73
98
99                <data android:scheme="cardboard" />
99-->[:GfxPluginCardboard:] AndroidManifest.xml:44:17-52
99-->[:GfxPluginCardboard:] AndroidManifest.xml:44:23-49
100            </intent-filter>
101        </activity>
102    </application>
103
104</manifest>